[13:53:40]: Installing curl
[13:53:40]: Installing ca-certificates
[13:53:40]: Installing base-devel
[13:53:40]: Installing git
[13:53:41]: Installing ntp
[13:53:41]: Installing zsh
[13:55:54]: Installing curl
[13:55:54]: Installing ca-certificates
[13:55:54]: Installing base-devel
[13:55:54]: Installing git
[13:55:54]: Installing ntp
[13:55:54]: Installing zsh
[14:03:48]: Installing curl
[14:03:48]: Installing ca-certificates
[14:03:48]: Installing base-devel
[14:03:49]: Installing git
[14:03:49]: Installing ntp
[14:03:49]: Installing zsh
[14:05:16]: Installing curl
[14:05:16]: Installing ca-certificates
[14:05:17]: Installing base-devel
[14:05:17]: Installing git
[14:05:17]: Installing ntp
[14:05:17]: Installing zsh
[14:06:07]: Installing curl
[14:06:07]: Installing ca-certificates
[14:06:07]: Installing base-devel
[14:06:07]: Installing git
[14:06:07]: Installing ntp
[14:06:07]: Installing zsh
[14:09:22]: Installing curl
[14:09:22]: Installing ca-certificates
[14:09:22]: Installing base-devel
[14:09:22]: Installing git
[14:09:22]: Installing ntp
[14:09:22]: Installing zsh
[14:13:49]: Installing curl
[14:13:49]: Installing ca-certificates
[14:13:49]: Installing base-devel
[14:13:49]: Installing git
[14:13:49]: Installing ntp
[14:13:49]: Installing zsh
[14:20:09]: Installing curl
[14:20:09]: Installing ca-certificates
[14:20:09]: Installing base-devel
[14:20:09]: Installing git
[14:20:09]: Installing ntp
[14:20:09]: Installing zsh
[14:21:04]: Installing curl
[14:21:04]: Installing ca-certificates
[14:21:04]: Installing base-devel
[14:21:04]: Installing git
[14:21:04]: Installing ntp
[14:21:04]: Installing zsh
[14:22:44]: Installing curl
[14:22:44]: Installing ca-certificates
[14:22:45]: Installing base-devel
[14:22:45]: Installing git
[14:22:45]: Installing ntp
[14:22:45]: Installing zsh
[14:38:45]: Installing curl
[14:38:45]: Installing ca-certificates
[14:38:45]: Installing base-devel
[14:38:45]: Installing git
[14:38:46]: Installing ntp
[14:38:46]: Installing zsh
